[0.010s] Invoking command in '/home/harsh/cam_project/build/image_conversion': CMAKE_PREFIX_PATH=${CMAKE_PREFIX_PATH}:/home/harsh/ros2_ws/install/my_python_pkg:/home/harsh/ros2_ws/install/my_py_pkg:/opt/ros/humble /usr/bin/cmake --build /home/harsh/cam_project/build/image_conversion -- -j16 -l16
[0.052s] -- Found ament_cmake: 1.3.11 (/opt/ros/humble/share/ament_cmake/cmake)
[0.155s] -- Found rclcpp: 16.0.11 (/opt/ros/humble/share/rclcpp/cmake)
[0.179s] -- Found rosidl_generator_c: 3.1.6 (/opt/ros/humble/share/rosidl_generator_c/cmake)
[0.181s] -- Found rosidl_adapter: 3.1.6 (/opt/ros/humble/share/rosidl_adapter/cmake)
[0.186s] -- Found rosidl_generator_cpp: 3.1.6 (/opt/ros/humble/share/rosidl_generator_cpp/cmake)
[0.193s] -- Using all available rosidl_typesupport_c: rosidl_typesupport_fastrtps_c;rosidl_typesupport_introspection_c
[0.202s] -- Using all available rosidl_typesupport_cpp: rosidl_typesupport_fastrtps_cpp;rosidl_typesupport_introspection_cpp
[0.231s] -- Found rmw_implementation_cmake: 6.1.2 (/opt/ros/humble/share/rmw_implementation_cmake/cmake)
[0.233s] -- Found rmw_fastrtps_cpp: 6.2.7 (/opt/ros/humble/share/rmw_fastrtps_cpp/cmake)
[0.308s] -- Using RMW implementation 'rmw_fastrtps_cpp' as default
[0.347s] -- Found sensor_msgs: 4.2.4 (/opt/ros/humble/share/sensor_msgs/cmake)
[0.368s] -- Found cv_bridge: 3.2.1 (/opt/ros/humble/share/cv_bridge/cmake)
[0.377s] [31mCMake Error at /opt/ros/humble/share/ament_cmake_target_dependencies/cmake/ament_target_dependencies.cmake:42 (message):
[0.377s]   ament_target_dependencies() the first argument must be a valid target name
[0.377s] Call Stack (most recent call first):
[0.377s]   CMakeLists.txt:25 (ament_target_dependencies)
[0.377s] 
[0.378s] [0m
[0.378s] -- Configuring incomplete, errors occurred!
[0.378s] See also "/home/harsh/cam_project/build/image_conversion/CMakeFiles/CMakeOutput.log".
[0.384s] gmake: *** [Makefile:226: cmake_check_build_system] Error 1
[0.386s] Invoked command in '/home/harsh/cam_project/build/image_conversion' returned '2': CMAKE_PREFIX_PATH=${CMAKE_PREFIX_PATH}:/home/harsh/ros2_ws/install/my_python_pkg:/home/harsh/ros2_ws/install/my_py_pkg:/opt/ros/humble /usr/bin/cmake --build /home/harsh/cam_project/build/image_conversion -- -j16 -l16
