-- Found ament_cmake: 1.3.11 (/opt/ros/humble/share/ament_cmake/cmake)
-- Found rclcpp: 16.0.11 (/opt/ros/humble/share/rclcpp/cmake)
-- Found rosidl_generator_c: 3.1.6 (/opt/ros/humble/share/rosidl_generator_c/cmake)
-- Found rosidl_adapter: 3.1.6 (/opt/ros/humble/share/rosidl_adapter/cmake)
-- Found rosidl_generator_cpp: 3.1.6 (/opt/ros/humble/share/rosidl_generator_cpp/cmake)
-- Using all available rosidl_typesupport_c: rosidl_typesupport_fastrtps_c;rosidl_typesupport_introspection_c
-- Using all available rosidl_typesupport_cpp: rosidl_typesupport_fastrtps_cpp;rosidl_typesupport_introspection_cpp
-- Found rmw_implementation_cmake: 6.1.2 (/opt/ros/humble/share/rmw_implementation_cmake/cmake)
-- Found rmw_fastrtps_cpp: 6.2.7 (/opt/ros/humble/share/rmw_fastrtps_cpp/cmake)
-- Using RMW implementation 'rmw_fastrtps_cpp' as default
-- Found sensor_msgs: 4.2.4 (/opt/ros/humble/share/sensor_msgs/cmake)
-- Found std_srvs: 4.2.4 (/opt/ros/humble/share/std_srvs/cmake)
-- Found cv_bridge: 3.2.1 (/opt/ros/humble/share/cv_bridge/cmake)
-- Configuring done
-- Generating done
-- Build files have been written to: /home/harsh/cam_project/build/image_conversion
[ 50%] [32mBuilding CXX object CMakeFiles/image_conversion_node.dir/src/image_conversion_node.cpp.o[0m
[100%] [32m[1mLinking CXX executable image_conversion_node[0m
[100%] Built target image_conversion_node
-- Install configuration: ""
-- Installing: /home/harsh/cam_project/install/image_conversion/lib/image_conversion/image_conversion_node
-- Set runtime path of "/home/harsh/cam_project/install/image_conversion/lib/image_conversion/image_conversion_node" to ""
-- Installing: /home/harsh/cam_project/install/image_conversion/share/image_conversion//launch
-- Installing: /home/harsh/cam_project/install/image_conversion/share/image_conversion//launch/image_conversion_launch.py
-- Up-to-date: /home/harsh/cam_project/install/image_conversion/share/ament_index/resource_index/package_run_dependencies/image_conversion
-- Up-to-date: /home/harsh/cam_project/install/image_conversion/share/ament_index/resource_index/parent_prefix_path/image_conversion
-- Up-to-date: /home/harsh/cam_project/install/image_conversion/share/image_conversion/environment/ament_prefix_path.sh
-- Installing: /home/harsh/cam_project/install/image_conversion/share/image_conversion/environment/ament_prefix_path.dsv
-- Up-to-date: /home/harsh/cam_project/install/image_conversion/share/image_conversion/environment/path.sh
-- Installing: /home/harsh/cam_project/install/image_conversion/share/image_conversion/environment/path.dsv
-- Up-to-date: /home/harsh/cam_project/install/image_conversion/share/image_conversion/local_setup.bash
-- Up-to-date: /home/harsh/cam_project/install/image_conversion/share/image_conversion/local_setup.sh
-- Up-to-date: /home/harsh/cam_project/install/image_conversion/share/image_conversion/local_setup.zsh
-- Installing: /home/harsh/cam_project/install/image_conversion/share/image_conversion/local_setup.dsv
-- Installing: /home/harsh/cam_project/install/image_conversion/share/image_conversion/package.dsv
-- Up-to-date: /home/harsh/cam_project/install/image_conversion/share/ament_index/resource_index/packages/image_conversion
-- Up-to-date: /home/harsh/cam_project/install/image_conversion/share/image_conversion/cmake/image_conversionConfig.cmake
-- Up-to-date: /home/harsh/cam_project/install/image_conversion/share/image_conversion/cmake/image_conversionConfig-version.cmake
-- Up-to-date: /home/harsh/cam_project/install/image_conversion/share/image_conversion/package.xml
