[35m[1mConsolidate compiler generated dependencies of target image_conversion_node[0m
[100%] Built target image_conversion_node
-- Install configuration: ""
-- Up-to-date: /home/harsh/cam_project/install/image_conversion/lib/image_conversion/image_conversion_node
-- Up-to-date: /home/harsh/cam_project/install/image_conversion/share/image_conversion//launch
-- Up-to-date: /home/harsh/cam_project/install/image_conversion/share/image_conversion//launch/image_conversion_launch.py
-- Up-to-date: /home/harsh/cam_project/install/image_conversion/share/ament_index/resource_index/package_run_dependencies/image_conversion
-- Up-to-date: /home/harsh/cam_project/install/image_conversion/share/ament_index/resource_index/parent_prefix_path/image_conversion
-- Up-to-date: /home/harsh/cam_project/install/image_conversion/share/image_conversion/environment/ament_prefix_path.sh
-- Up-to-date: /home/harsh/cam_project/install/image_conversion/share/image_conversion/environment/ament_prefix_path.dsv
-- Up-to-date: /home/harsh/cam_project/install/image_conversion/share/image_conversion/environment/path.sh
-- Up-to-date: /home/harsh/cam_project/install/image_conversion/share/image_conversion/environment/path.dsv
-- Up-to-date: /home/harsh/cam_project/install/image_conversion/share/image_conversion/local_setup.bash
-- Up-to-date: /home/harsh/cam_project/install/image_conversion/share/image_conversion/local_setup.sh
-- Up-to-date: /home/harsh/cam_project/install/image_conversion/share/image_conversion/local_setup.zsh
-- Up-to-date: /home/harsh/cam_project/install/image_conversion/share/image_conversion/local_setup.dsv
-- Installing: /home/harsh/cam_project/install/image_conversion/share/image_conversion/package.dsv
-- Up-to-date: /home/harsh/cam_project/install/image_conversion/share/ament_index/resource_index/packages/image_conversion
-- Up-to-date: /home/harsh/cam_project/install/image_conversion/share/image_conversion/cmake/image_conversionConfig.cmake
-- Up-to-date: /home/harsh/cam_project/install/image_conversion/share/image_conversion/cmake/image_conversionConfig-version.cmake
-- Up-to-date: /home/harsh/cam_project/install/image_conversion/share/image_conversion/package.xml
