[0.009s] Invoking command in '/home/harsh/cam_project/build/image_conversion': CMAKE_PREFIX_PATH=${CMAKE_PREFIX_PATH}:/home/harsh/ros2_ws/install/my_python_pkg:/home/harsh/ros2_ws/install/my_py_pkg:/opt/ros/humble /usr/bin/cmake --build /home/harsh/cam_project/build/image_conversion -- -j16 -l16
[0.053s] [35m[1mConsolidate compiler generated dependencies of target image_conversion_node[0m
[0.068s] [100%] Built target image_conversion_node
[0.078s] Invoked command in '/home/harsh/cam_project/build/image_conversion' returned '0': CMAKE_PREFIX_PATH=${CMAKE_PREFIX_PATH}:/home/harsh/ros2_ws/install/my_python_pkg:/home/harsh/ros2_ws/install/my_py_pkg:/opt/ros/humble /usr/bin/cmake --build /home/harsh/cam_project/build/image_conversion -- -j16 -l16
[0.088s] Invoking command in '/home/harsh/cam_project/build/image_conversion': CMAKE_PREFIX_PATH=${CMAKE_PREFIX_PATH}:/home/harsh/ros2_ws/install/my_python_pkg:/home/harsh/ros2_ws/install/my_py_pkg:/opt/ros/humble /usr/bin/cmake --install /home/harsh/cam_project/build/image_conversion
[0.093s] -- Install configuration: ""
[0.093s] -- Up-to-date: /home/harsh/cam_project/install/image_conversion/lib/image_conversion/image_conversion_node
[0.093s] -- Up-to-date: /home/harsh/cam_project/install/image_conversion/share/image_conversion//launch
[0.093s] -- Up-to-date: /home/harsh/cam_project/install/image_conversion/share/image_conversion//launch/image_conversion_launch.py
[0.093s] -- Up-to-date: /home/harsh/cam_project/install/image_conversion/share/ament_index/resource_index/package_run_dependencies/image_conversion
[0.093s] -- Up-to-date: /home/harsh/cam_project/install/image_conversion/share/ament_index/resource_index/parent_prefix_path/image_conversion
[0.093s] -- Up-to-date: /home/harsh/cam_project/install/image_conversion/share/image_conversion/environment/ament_prefix_path.sh
[0.093s] -- Up-to-date: /home/harsh/cam_project/install/image_conversion/share/image_conversion/environment/ament_prefix_path.dsv
[0.093s] -- Up-to-date: /home/harsh/cam_project/install/image_conversion/share/image_conversion/environment/path.sh
[0.093s] -- Up-to-date: /home/harsh/cam_project/install/image_conversion/share/image_conversion/environment/path.dsv
[0.093s] -- Up-to-date: /home/harsh/cam_project/install/image_conversion/share/image_conversion/local_setup.bash
[0.093s] -- Up-to-date: /home/harsh/cam_project/install/image_conversion/share/image_conversion/local_setup.sh
[0.093s] -- Up-to-date: /home/harsh/cam_project/install/image_conversion/share/image_conversion/local_setup.zsh
[0.093s] -- Up-to-date: /home/harsh/cam_project/install/image_conversion/share/image_conversion/local_setup.dsv
[0.093s] -- Installing: /home/harsh/cam_project/install/image_conversion/share/image_conversion/package.dsv
[0.093s] -- Up-to-date: /home/harsh/cam_project/install/image_conversion/share/ament_index/resource_index/packages/image_conversion
[0.094s] -- Up-to-date: /home/harsh/cam_project/install/image_conversion/share/image_conversion/cmake/image_conversionConfig.cmake
[0.094s] -- Up-to-date: /home/harsh/cam_project/install/image_conversion/share/image_conversion/cmake/image_conversionConfig-version.cmake
[0.094s] -- Up-to-date: /home/harsh/cam_project/install/image_conversion/share/image_conversion/package.xml
[0.095s] Invoked command in '/home/harsh/cam_project/build/image_conversion' returned '0': CMAKE_PREFIX_PATH=${CMAKE_PREFIX_PATH}:/home/harsh/ros2_ws/install/my_python_pkg:/home/harsh/ros2_ws/install/my_py_pkg:/opt/ros/humble /usr/bin/cmake --install /home/harsh/cam_project/build/image_conversion
