-- Found rclcpp: 16.0.11 (/opt/ros/humble/share/rclcpp/cmake)
-- Found rosidl_generator_c: 3.1.6 (/opt/ros/humble/share/rosidl_generator_c/cmake)
-- Found rosidl_adapter: 3.1.6 (/opt/ros/humble/share/rosidl_adapter/cmake)
-- Found rosidl_generator_cpp: 3.1.6 (/opt/ros/humble/share/rosidl_generator_cpp/cmake)
-- Using all available rosidl_typesupport_c: rosidl_typesupport_fastrtps_c;rosidl_typesupport_introspection_c
-- Using all available rosidl_typesupport_cpp: rosidl_typesupport_fastrtps_cpp;rosidl_typesupport_introspection_cpp
-- Found rmw_implementation_cmake: 6.1.2 (/opt/ros/humble/share/rmw_implementation_cmake/cmake)
-- Found rmw_fastrtps_cpp: 6.2.7 (/opt/ros/humble/share/rmw_fastrtps_cpp/cmake)
-- Using RMW implementation 'rmw_fastrtps_cpp' as default
-- Found sensor_msgs: 4.2.4 (/opt/ros/humble/share/sensor_msgs/cmake)
-- Found std_srvs: 4.2.4 (/opt/ros/humble/share/std_srvs/cmake)
-- Found cv_bridge: 3.2.1 (/opt/ros/humble/share/cv_bridge/cmake)
-- Found ament_lint_auto: 0.12.11 (/opt/ros/humble/share/ament_lint_auto/cmake)
-- Added test 'cppcheck' to perform static code analysis on C / C++ code
-- Configured cppcheck include dirs: 
-- Configured cppcheck exclude dirs and/or files: 
-- Added test 'flake8' to check Python code syntax and style conventions
-- Added test 'lint_cmake' to check CMake code style
-- Added test 'pep257' to check Python code against some of the docstring style conventions in PEP 257
-- Added test 'uncrustify' to check C / C++ code style
-- Configured uncrustify additional arguments: 
-- Added test 'xmllint' to check XML markup files
-- Configuring done
-- Generating done
-- Build files have been written to: /home/harsh/cam_project/build/image_conversion
-- Install configuration: ""
-- Installing: /home/harsh/cam_project/install/image_conversion/share/ament_index/resource_index/package_run_dependencies/image_conversion
-- Installing: /home/harsh/cam_project/install/image_conversion/share/ament_index/resource_index/parent_prefix_path/image_conversion
-- Installing: /home/harsh/cam_project/install/image_conversion/share/image_conversion/environment/ament_prefix_path.sh
-- Installing: /home/harsh/cam_project/install/image_conversion/share/image_conversion/environment/ament_prefix_path.dsv
-- Installing: /home/harsh/cam_project/install/image_conversion/share/image_conversion/environment/path.sh
-- Installing: /home/harsh/cam_project/install/image_conversion/share/image_conversion/environment/path.dsv
-- Installing: /home/harsh/cam_project/install/image_conversion/share/image_conversion/local_setup.bash
-- Installing: /home/harsh/cam_project/install/image_conversion/share/image_conversion/local_setup.sh
-- Installing: /home/harsh/cam_project/install/image_conversion/share/image_conversion/local_setup.zsh
-- Installing: /home/harsh/cam_project/install/image_conversion/share/image_conversion/local_setup.dsv
-- Installing: /home/harsh/cam_project/install/image_conversion/share/image_conversion/package.dsv
-- Installing: /home/harsh/cam_project/install/image_conversion/share/ament_index/resource_index/packages/image_conversion
-- Installing: /home/harsh/cam_project/install/image_conversion/share/image_conversion/cmake/image_conversionConfig.cmake
-- Installing: /home/harsh/cam_project/install/image_conversion/share/image_conversion/cmake/image_conversionConfig-version.cmake
-- Installing: /home/harsh/cam_project/install/image_conversion/share/image_conversion/package.xml
