[0.008s] Invoking command in '/home/harsh/cam_project/build/image_conversion': CMAKE_PREFIX_PATH=${CMAKE_PREFIX_PATH}:/home/harsh/ros2_ws/install/my_python_pkg:/home/harsh/ros2_ws/install/my_py_pkg:/opt/ros/humble /usr/bin/cmake /home/harsh/cam_project/src/image_conversion -DCMAKE_INSTALL_PREFIX=/home/harsh/cam_project/install/image_conversion
[0.024s] -- Found rclcpp: 16.0.11 (/opt/ros/humble/share/rclcpp/cmake)
[0.126s] -- Found rosidl_generator_c: 3.1.6 (/opt/ros/humble/share/rosidl_generator_c/cmake)
[0.127s] -- Found rosidl_adapter: 3.1.6 (/opt/ros/humble/share/rosidl_adapter/cmake)
[0.131s] -- Found rosidl_generator_cpp: 3.1.6 (/opt/ros/humble/share/rosidl_generator_cpp/cmake)
[0.137s] -- Using all available rosidl_typesupport_c: rosidl_typesupport_fastrtps_c;rosidl_typesupport_introspection_c
[0.144s] -- Using all available rosidl_typesupport_cpp: rosidl_typesupport_fastrtps_cpp;rosidl_typesupport_introspection_cpp
[0.162s] -- Found rmw_implementation_cmake: 6.1.2 (/opt/ros/humble/share/rmw_implementation_cmake/cmake)
[0.162s] -- Found rmw_fastrtps_cpp: 6.2.7 (/opt/ros/humble/share/rmw_fastrtps_cpp/cmake)
[0.236s] -- Using RMW implementation 'rmw_fastrtps_cpp' as default
[0.263s] -- Found sensor_msgs: 4.2.4 (/opt/ros/humble/share/sensor_msgs/cmake)
[0.279s] -- Found std_srvs: 4.2.4 (/opt/ros/humble/share/std_srvs/cmake)
[0.283s] -- Found cv_bridge: 3.2.1 (/opt/ros/humble/share/cv_bridge/cmake)
[0.290s] -- Found ament_lint_auto: 0.12.11 (/opt/ros/humble/share/ament_lint_auto/cmake)
[0.341s] -- Added test 'cppcheck' to perform static code analysis on C / C++ code
[0.341s] -- Configured cppcheck include dirs: 
[0.341s] -- Configured cppcheck exclude dirs and/or files: 
[0.341s] -- Added test 'flake8' to check Python code syntax and style conventions
[0.342s] -- Added test 'lint_cmake' to check CMake code style
[0.342s] -- Added test 'pep257' to check Python code against some of the docstring style conventions in PEP 257
[0.343s] -- Added test 'uncrustify' to check C / C++ code style
[0.343s] -- Configured uncrustify additional arguments: 
[0.343s] -- Added test 'xmllint' to check XML markup files
[0.344s] -- Configuring done
[0.348s] -- Generating done
[0.349s] -- Build files have been written to: /home/harsh/cam_project/build/image_conversion
[0.360s] Invoked command in '/home/harsh/cam_project/build/image_conversion' returned '0': CMAKE_PREFIX_PATH=${CMAKE_PREFIX_PATH}:/home/harsh/ros2_ws/install/my_python_pkg:/home/harsh/ros2_ws/install/my_py_pkg:/opt/ros/humble /usr/bin/cmake /home/harsh/cam_project/src/image_conversion -DCMAKE_INSTALL_PREFIX=/home/harsh/cam_project/install/image_conversion
[0.362s] Invoking command in '/home/harsh/cam_project/build/image_conversion': CMAKE_PREFIX_PATH=${CMAKE_PREFIX_PATH}:/home/harsh/ros2_ws/install/my_python_pkg:/home/harsh/ros2_ws/install/my_py_pkg:/opt/ros/humble /usr/bin/cmake --build /home/harsh/cam_project/build/image_conversion -- -j16 -l16
[0.397s] Invoked command in '/home/harsh/cam_project/build/image_conversion' returned '0': CMAKE_PREFIX_PATH=${CMAKE_PREFIX_PATH}:/home/harsh/ros2_ws/install/my_python_pkg:/home/harsh/ros2_ws/install/my_py_pkg:/opt/ros/humble /usr/bin/cmake --build /home/harsh/cam_project/build/image_conversion -- -j16 -l16
[0.406s] Invoking command in '/home/harsh/cam_project/build/image_conversion': CMAKE_PREFIX_PATH=${CMAKE_PREFIX_PATH}:/home/harsh/ros2_ws/install/my_python_pkg:/home/harsh/ros2_ws/install/my_py_pkg:/opt/ros/humble /usr/bin/cmake --install /home/harsh/cam_project/build/image_conversion
[0.411s] -- Install configuration: ""
[0.411s] -- Installing: /home/harsh/cam_project/install/image_conversion/share/ament_index/resource_index/package_run_dependencies/image_conversion
[0.412s] -- Installing: /home/harsh/cam_project/install/image_conversion/share/ament_index/resource_index/parent_prefix_path/image_conversion
[0.412s] -- Installing: /home/harsh/cam_project/install/image_conversion/share/image_conversion/environment/ament_prefix_path.sh
[0.412s] -- Installing: /home/harsh/cam_project/install/image_conversion/share/image_conversion/environment/ament_prefix_path.dsv
[0.412s] -- Installing: /home/harsh/cam_project/install/image_conversion/share/image_conversion/environment/path.sh
[0.412s] -- Installing: /home/harsh/cam_project/install/image_conversion/share/image_conversion/environment/path.dsv
[0.412s] -- Installing: /home/harsh/cam_project/install/image_conversion/share/image_conversion/local_setup.bash
[0.412s] -- Installing: /home/harsh/cam_project/install/image_conversion/share/image_conversion/local_setup.sh
[0.412s] -- Installing: /home/harsh/cam_project/install/image_conversion/share/image_conversion/local_setup.zsh
[0.412s] -- Installing: /home/harsh/cam_project/install/image_conversion/share/image_conversion/local_setup.dsv
[0.412s] -- Installing: /home/harsh/cam_project/install/image_conversion/share/image_conversion/package.dsv
[0.412s] -- Installing: /home/harsh/cam_project/install/image_conversion/share/ament_index/resource_index/packages/image_conversion
[0.413s] -- Installing: /home/harsh/cam_project/install/image_conversion/share/image_conversion/cmake/image_conversionConfig.cmake
[0.413s] -- Installing: /home/harsh/cam_project/install/image_conversion/share/image_conversion/cmake/image_conversionConfig-version.cmake
[0.413s] -- Installing: /home/harsh/cam_project/install/image_conversion/share/image_conversion/package.xml
[0.415s] Invoked command in '/home/harsh/cam_project/build/image_conversion' returned '0': CMAKE_PREFIX_PATH=${CMAKE_PREFIX_PATH}:/home/harsh/ros2_ws/install/my_python_pkg:/home/harsh/ros2_ws/install/my_py_pkg:/opt/ros/humble /usr/bin/cmake --install /home/harsh/cam_project/build/image_conversion
